2025-03-25 02:26:02,770 - __main__ - INFO - ==================================================
2025-03-25 02:26:02,771 - __main__ - INFO - 开始执行API测试
2025-03-25 02:26:02,773 - __main__ - INFO - 环境变量检查:
2025-03-25 02:26:02,773 - __main__ - INFO - FEISHU_APP_ID: 已设置
2025-03-25 02:26:02,773 - __main__ - INFO - FEISHU_APP_SECRET: 已设置
2025-03-25 02:26:02,773 - __main__ - INFO - FEISHU_BITABLE_ID: 已设置
2025-03-25 02:26:02,773 - __main__ - INFO - FEISHU_TABLE_ID: 已设置
2025-03-25 02:26:02,773 - __main__ - INFO - --------------------------------------------------
2025-03-25 02:26:02,773 - __main__ - INFO - 请求获取tenant_access_token，APP_ID: cli_a76b8dbca538d00c
2025-03-25 02:26:02,775 - urllib3.connectionpool - DEBUG - Starting new HTTPS connection (1): open.feishu.cn:443
2025-03-25 02:26:03,100 - urllib3.connectionpool - DEBUG - https://open.feishu.cn:443 "POST /open-apis/auth/v3/tenant_access_token/internal HTTP/1.1" 200 102
2025-03-25 02:26:03,100 - __main__ - INFO - 获取Token结果: {'code': 0, 'expire': 6420, 'msg': 'ok', 'tenant_access_token': 't-g1043p2dBFQ66LS4OXJQJT2MDTJY2CVNIPWY7QRC'}
2025-03-25 02:26:03,101 - __main__ - INFO - 使用的参数: BITABLE_ID=YERHbU4dqa0QoGsz3dpcyMwrnrg, TABLE_ID=tblSIO8bUKPpRUCX
2025-03-25 02:26:03,101 - __main__ - INFO - 请求URL: https://open.feishu.cn/open-apis/bitable/v1/apps/YERHbU4dqa0QoGsz3dpcyMwrnrg/tables/tblSIO8bUKPpRUCX/records
2025-03-25 02:26:03,101 - __main__ - INFO - 请求头: {'Authorization': 'Bearer t-g1043p2dBFQ66LS4OXJQJT2MDTJY2CVNIPWY7QRC', 'Content-Type': 'application/json'}
2025-03-25 02:26:03,101 - __main__ - INFO - 请求体: {"fields": {"账号名称": "test_account", "内容": "这是一条测试内容，用于验证API连接是否正常工作", "点赞数": 100, "转发数": 50, "评论数": 25}}
2025-03-25 02:26:03,102 - urllib3.connectionpool - DEBUG - Starting new HTTPS connection (1): open.feishu.cn:443
2025-03-25 02:26:03,514 - urllib3.connectionpool - DEBUG - https://open.feishu.cn:443 "POST /open-apis/bitable/v1/apps/YERHbU4dqa0QoGsz3dpcyMwrnrg/tables/tblSIO8bUKPpRUCX/records HTTP/1.1" 403 42
2025-03-25 02:26:03,515 - __main__ - INFO - 响应状态码: 403
2025-03-25 02:26:03,515 - __main__ - ERROR - 收到403错误，可能是权限问题
2025-03-25 02:26:03,515 - __main__ - ERROR - 响应内容: {"code":91403,"msg":"Forbidden","data":{}}
2025-03-25 02:26:03,515 - __main__ - ERROR - 错误详细信息: {
  "code": 91403,
  "msg": "Forbidden",
  "data": {}
}
2025-03-25 02:26:03,515 - __main__ - ERROR - 错误码: 91403
2025-03-25 02:26:03,515 - __main__ - ERROR - 错误消息: Forbidden
2025-03-25 02:26:03,515 - __main__ - ERROR - 错误详情: {}
2025-03-25 02:26:03,515 - __main__ - ERROR - HTTP错误: 403 Client Error: Forbidden for url: https://open.feishu.cn/open-apis/bitable/v1/apps/YERHbU4dqa0QoGsz3dpcyMwrnrg/tables/tblSIO8bUKPpRUCX/records
2025-03-25 02:26:03,515 - __main__ - ERROR - 错误详情: {
  "code": 91403,
  "msg": "Forbidden",
  "data": {}
}
2025-03-25 02:28:39,952 - __main__ - INFO - ==================================================
2025-03-25 02:28:39,952 - __main__ - INFO - 开始执行API测试
2025-03-25 02:28:39,952 - __main__ - INFO - 环境变量检查:
2025-03-25 02:28:39,952 - __main__ - INFO - FEISHU_APP_ID: 已设置
2025-03-25 02:28:39,952 - __main__ - INFO - FEISHU_APP_SECRET: 已设置
2025-03-25 02:28:39,952 - __main__ - INFO - FEISHU_BITABLE_ID: 已设置
2025-03-25 02:28:39,952 - __main__ - INFO - FEISHU_TABLE_ID: 已设置
2025-03-25 02:28:39,952 - __main__ - INFO - --------------------------------------------------
2025-03-25 02:28:39,952 - __main__ - INFO - 请求获取tenant_access_token，APP_ID: cli_a76b8dbca538d00c
2025-03-25 02:28:39,954 - urllib3.connectionpool - DEBUG - Starting new HTTPS connection (1): open.feishu.cn:443
2025-03-25 02:28:40,240 - urllib3.connectionpool - DEBUG - https://open.feishu.cn:443 "POST /open-apis/auth/v3/tenant_access_token/internal HTTP/1.1" 200 102
2025-03-25 02:28:40,241 - __main__ - INFO - 获取Token结果: {'code': 0, 'expire': 6263, 'msg': 'ok', 'tenant_access_token': 't-g1043p2dBFQ66LS4OXJQJT2MDTJY2CVNIPWY7QRC'}
2025-03-25 02:28:40,241 - __main__ - INFO - 使用的参数: BITABLE_ID=YERHbU4dqa0QoGsz3dpcyMwrnrg, TABLE_ID=tblSIO8bUKPpRUCX
2025-03-25 02:28:40,242 - __main__ - INFO - 请求URL: https://open.feishu.cn/open-apis/bitable/v1/apps/YERHbU4dqa0QoGsz3dpcyMwrnrg/tables/tblSIO8bUKPpRUCX/records
2025-03-25 02:28:40,242 - __main__ - INFO - 请求头: {'Authorization': 'Bearer t-g1043p2dBFQ66LS4OXJQJT2MDTJY2CVNIPWY7QRC', 'Content-Type': 'application/json'}
2025-03-25 02:28:40,242 - __main__ - INFO - 请求体: {"fields": {"账号名称": "test_account", "内容": "这是一条测试内容，用于验证API连接是否正常工作", "点赞数": 100, "转发数": 50, "评论数": 25}}
2025-03-25 02:28:40,244 - urllib3.connectionpool - DEBUG - Starting new HTTPS connection (1): open.feishu.cn:443
2025-03-25 02:28:41,775 - urllib3.connectionpool - DEBUG - https://open.feishu.cn:443 "POST /open-apis/bitable/v1/apps/YERHbU4dqa0QoGsz3dpcyMwrnrg/tables/tblSIO8bUKPpRUCX/records HTTP/1.1" 200 250
2025-03-25 02:28:41,775 - __main__ - INFO - 响应状态码: 200
2025-03-25 02:28:41,776 - __main__ - INFO - 添加记录成功
2025-03-25 02:28:41,776 - __main__ - INFO - {
  "code": 0,
  "data": {
    "record": {
      "fields": {
        "内容": "这是一条测试内容，用于验证API连接是否正常工作",
        "点赞数": 100,
        "评论数": 25,
        "账号名称": "test_account",
        "转发数": 50
      },
      "id": "recuGo6Towlplj",
      "record_id": "recuGo6Towlplj"
    }
  },
  "msg": "success"
}
